Arguments: 
  /home/liangxiaoyang/.nvm/versions/node/v14.19.2/bin/node /usr/share/yarn/bin/yarn.js add qurey-string

PATH: 
  /home/liangxiaoyang/.nvm/versions/node/v14.19.2/bin:/home/liangxiaoyang/.local/bin:/home/liangxiaoyang/bin:/usr/local/bin:/usr/bin:/usr/local/sbin:/usr/sbin:/usr/local/nginx/sbin

Yarn version: 
  1.22.19

Node version: 
  14.19.2

Platform: 
  linux x64

Trace: 
  Error: https://registry.yarnpkg.com/qurey-string: Not found
      at Request.params.callback [as _callback] (/usr/share/yarn/lib/cli.js:66145:18)
      at Request.self.callback (/usr/share/yarn/lib/cli.js:140890:22)
      at Request.emit (events.js:400:28)
      at Request.<anonymous> (/usr/share/yarn/lib/cli.js:141862:10)
      at Request.emit (events.js:400:28)
      at IncomingMessage.<anonymous> (/usr/share/yarn/lib/cli.js:141784:12)
      at Object.onceWrapper (events.js:519:28)
      at IncomingMessage.emit (events.js:412:35)
      at endReadableNT (internal/streams/readable.js:1333:12)
      at processTicksAndRejections (internal/process/task_queues.js:82:21)

npm manifest: 
  {
    "name": "main-app",
    "private": true,
    "scripts": {
      "start": "umi dev",
      "build": "umi build",
      "postinstall": "umi generate tmp",
      "prettier": "prettier --write '**/*.{js,jsx,tsx,ts,less,md,json}'",
      "test": "umi-test",
      "test:coverage": "umi-test --coverage"
    },
    "gitHooks": {
      "pre-commit": "lint-staged"
    },
    "lint-staged": {
      "*.{js,jsx,less,md,json}": [
        "prettier --write"
      ],
      "*.ts?(x)": [
        "prettier --parser=typescript --write"
      ]
    },
    "dependencies": {
      "@ant-design/pro-layout": "^6.5.0",
      "classnames": "^2.3.2",
      "postcss-simple-vars": "^4.1.0",
      "react": "17.x",
      "react-dom": "17.x",
      "umi": "^3.5.36"
    },
    "devDependencies": {
      "@types/react": "^17.0.0",
      "@types/react-dom": "^17.0.0",
      "@umijs/plugin-qiankun": "^2.42.0",
      "@umijs/preset-react": "1.x",
      "@umijs/test": "^3.5.36",
      "lint-staged": "^10.0.7",
      "prettier": "^2.2.0",
      "typescript": "^4.1.2",
      "yorkie": "^2.0.0"
    }
  }

yarn manifest: 
  No manifest

Lockfile: 
  No lockfile
